<?xml version="1.0" encoding="UTF-8"?>
<!-- Generated by org.testng.reporters.JUnitXMLReporter -->
<testsuite hostname="DESKTOP-SHQ3D9P" ignored="0" name="test2" tests="3" failures="3" timestamp="2021-04-08T15:49:10 IST" time="0.446" errors="0">
  <testcase name="Test1" time="0.0" classname="Selenium_Grid.Selenium_Grid.Test_Grid">
    <failure type="org.testng.TestNGException" message="
Parameter &amp;apos;url&amp;apos; is required by @Test on method Test1 but has not been marked @Optional or defined
in C:\Users\91966\eclipse-workspace\Selenium_Grid\parralelTest.xml">
      <![CDATA[org.testng.TestNGException: 
Parameter 'url' is required by @Test on method Test1 but has not been marked @Optional or defined
in C:\Users\91966\eclipse-workspace\Selenium_Grid\parralelTest.xml
at java.util.ArrayList.forEach(ArrayList.java:1259)
at java.util.concurrent.FutureTask.run(FutureTask.java:266)
at java.util.concurrent.ThreadPoolExecutor.runWorker(ThreadPoolExecutor.java:1149)
at java.util.concurrent.ThreadPoolExecutor$Worker.run(ThreadPoolExecutor.java:624)
at java.lang.Thread.run(Thread.java:748)
... Removed 17 stack frames]]>
    </failure>
  </testcase> <!-- Test1 -->
  <testcase name="Test2" time="0.0" classname="Selenium_Grid.Selenium_Grid.Test_Grid">
    <failure type="org.testng.TestNGException" message="
Parameter &amp;apos;url&amp;apos; is required by @Test on method Test2 but has not been marked @Optional or defined
in C:\Users\91966\eclipse-workspace\Selenium_Grid\parralelTest.xml">
      <![CDATA[org.testng.TestNGException: 
Parameter 'url' is required by @Test on method Test2 but has not been marked @Optional or defined
in C:\Users\91966\eclipse-workspace\Selenium_Grid\parralelTest.xml
at java.util.ArrayList.forEach(ArrayList.java:1259)
at java.util.concurrent.FutureTask.run(FutureTask.java:266)
at java.util.concurrent.ThreadPoolExecutor.runWorker(ThreadPoolExecutor.java:1149)
at java.util.concurrent.ThreadPoolExecutor$Worker.run(ThreadPoolExecutor.java:624)
at java.lang.Thread.run(Thread.java:748)
... Removed 17 stack frames]]>
    </failure>
  </testcase> <!-- Test2 -->
  <testcase name="TestGridIE" time="0.0" classname="Selenium_Grid.Selenium_Grid.Test_Grid">
    <failure type="org.testng.TestNGException" message="
Parameter &amp;apos;url&amp;apos; is required by @Test on method TestGridIE but has not been marked @Optional or defined
in C:\Users\91966\eclipse-workspace\Selenium_Grid\parralelTest.xml">
      <![CDATA[org.testng.TestNGException: 
Parameter 'url' is required by @Test on method TestGridIE but has not been marked @Optional or defined
in C:\Users\91966\eclipse-workspace\Selenium_Grid\parralelTest.xml
at java.util.ArrayList.forEach(ArrayList.java:1259)
at java.util.concurrent.FutureTask.run(FutureTask.java:266)
at java.util.concurrent.ThreadPoolExecutor.runWorker(ThreadPoolExecutor.java:1149)
at java.util.concurrent.ThreadPoolExecutor$Worker.run(ThreadPoolExecutor.java:624)
at java.lang.Thread.run(Thread.java:748)
... Removed 17 stack frames]]>
    </failure>
  </testcase> <!-- TestGridIE -->
</testsuite> <!-- test2 -->
